<?xml version="1.0" encoding="UTF-8"?>
<!-- Generated by org.testng.reporters.JUnitXMLReporter -->
<testsuite hostname="LAPTOP-V84DQ0AN" ignored="0" name="Command line test" tests="5" failures="0" timestamp="2021-07-16T18:43:41 IST" time="0.057" errors="0">
  <testcase name="IoSApps" time="0.002" classname="qaclickacademy.Mavenjava.AppiumTest"/>
  <testcase name="NativeappAndroid" time="0.0" classname="qaclickacademy.Mavenjava.AppiumTest"/>
  <testcase name="deleteTwitter" time="0.0" classname="qaclickacademy.Mavenjava.RestAPITest"/>
  <testcase name="BrowserAutomation" time="0.0" classname="qaclickacademy.Mavenjava.SeleniumTest"/>
  <testcase name="elementsUI" time="0.001" classname="qaclickacademy.Mavenjava.SeleniumTest"/>
</testsuite> <!-- Command line test -->
